2022-06-08 15:43:49 - INFO - ******Test_001_login******
2022-06-08 15:43:49 - INFO - ********validate title of the page testcases******
2022-06-08 15:43:51 - INFO - ********Page Title matched
2022-06-08 15:43:52 - INFO - *****faculty login test case*******
2022-06-08 15:43:56 - INFO - *****Login Successful****
2022-06-08 15:52:25 - INFO - ******Test_001_login******
2022-06-08 15:52:25 - INFO - ********validate title of the page testcases******
2022-06-08 15:52:26 - INFO - ********Page Title matched
2022-06-08 15:52:27 - INFO - *****faculty login test case*******
2022-06-08 15:52:31 - INFO - *****Login Successful****
2022-06-08 17:11:46 - INFO - *****faculty login test case*******
2022-06-08 17:11:46 - INFO - ******Test_001_login******
2022-06-08 17:11:46 - INFO - ********validate title of the page testcases******
2022-06-08 17:11:48 - INFO - ********Page Title matched
2022-06-08 17:11:51 - INFO - *****Login Successful****
2022-06-08 20:26:50 - INFO - ******Test_001_login******
2022-06-08 20:26:50 - INFO - ********validate title of the page testcases******
2022-06-08 20:26:52 - INFO - ********Page Title matched
2022-06-08 20:26:53 - INFO - *****faculty login test case*******
2022-06-08 20:26:57 - INFO - *****Login Successful****
2022-06-08 20:31:45 - INFO - ******Test_001_login******
2022-06-08 20:31:45 - INFO - ********validate title of the page testcases******
2022-06-08 20:31:46 - INFO - ********Page Title matched
2022-06-08 20:31:47 - INFO - *****faculty login test case*******
2022-06-08 20:31:50 - INFO - *****Login Successful****
2022-06-08 20:36:33 - INFO - ******Test_001_login******
2022-06-08 20:36:33 - INFO - ********validate title of the page testcases******
2022-06-08 20:36:35 - INFO - ********Page Title matched
2022-06-08 20:36:36 - INFO - *****faculty login test case*******
2022-06-08 20:36:40 - INFO - *****Login Successful****
2022-06-08 23:04:13 - INFO - ******Test_001_login******
2022-06-08 23:04:13 - INFO - ********validate title of the page testcases******
2022-06-08 23:04:14 - INFO - *****faculty login test case*******
2022-06-08 23:07:48 - INFO - ******Test_001_login******
2022-06-08 23:07:48 - INFO - ********validate title of the page testcases******
2022-06-08 23:07:49 - INFO - *****faculty login test case*******
2022-06-08 23:12:02 - INFO - ******Test_001_login******
2022-06-08 23:12:02 - INFO - ********validate title of the page testcases******
2022-06-08 23:12:03 - INFO - *****faculty login test case*******
2022-06-08 23:12:47 - INFO - ******Test_001_login******
2022-06-08 23:12:47 - INFO - ********validate title of the page testcases******
2022-06-08 23:12:48 - INFO - *****faculty login test case*******
2022-06-08 23:14:24 - INFO - ******Test_001_login******
2022-06-08 23:14:24 - INFO - ********validate title of the page testcases******
2022-06-08 23:14:26 - INFO - ********Page Title matched
2022-06-08 23:14:27 - INFO - *****faculty login test case*******
2022-06-08 23:14:55 - INFO - ******Test_001_login******
2022-06-08 23:14:55 - INFO - ********validate title of the page testcases******
2022-06-08 23:14:57 - INFO - ********Page Title matched
2022-06-08 23:14:57 - INFO - *****faculty login test case*******
2022-06-08 23:15:04 - INFO - *****Login Successful****
2022-06-09 15:13:54 - INFO - ******Test_001_login******
2022-06-09 15:13:54 - INFO - ********validate title of the page testcases******
2022-06-09 15:13:56 - INFO - ********Page Title matched
2022-06-09 15:13:57 - INFO - *****faculty login test case*******
2022-06-09 15:14:01 - INFO - *****Login Successful****
2022-06-09 15:37:53 - INFO - ******Test_001_login******
2022-06-09 15:37:53 - INFO - ********validate title of the page testcases******
2022-06-09 15:37:55 - INFO - ********Page Title matched
2022-06-09 15:37:56 - INFO - *****faculty login test case*******
2022-06-09 15:37:59 - INFO - *****Login Successful****
2022-06-09 15:39:21 - INFO - ******Test_001_login******
2022-06-09 15:39:21 - INFO - ********validate title of the page testcases******
2022-06-09 15:39:23 - INFO - ********Page Title matched
2022-06-09 15:39:28 - INFO - *****faculty login test case*******
2022-06-09 15:39:32 - INFO - *****Login Successful****
2022-06-09 15:39:46 - INFO - ******Test_001_login******
2022-06-09 15:39:46 - INFO - ********validate title of the page testcases******
2022-06-09 15:39:48 - INFO - ********Page Title matched
2022-06-09 15:39:48 - INFO - *****faculty login test case*******
2022-06-09 15:39:53 - INFO - *****Login Successful****
2022-06-10 15:58:21 - INFO - ******Test_001_login******
2022-06-10 15:58:21 - INFO - ********validate title of the page testcases******
2022-06-10 15:58:23 - INFO - ********Page Title matched
2022-06-10 15:58:28 - INFO - *****faculty login test case*******
2022-06-10 15:58:33 - INFO - *****Login Successful****
2022-06-11 01:02:59 - INFO - ******Test_001_login******
2022-06-11 01:02:59 - INFO - ********validate title of the page testcases******
2022-06-11 01:03:01 - INFO - ********Page Title matched
2022-06-11 01:03:02 - INFO - *****faculty login test case*******
2022-06-11 01:03:06 - INFO - *****Login Successful****
2022-06-11 01:38:43 - INFO - *****faculty login test case*******
2022-06-11 01:38:47 - INFO - *****Login Successful****
2022-06-12 17:11:09 - INFO - *****faculty login test case*******
2022-06-12 17:11:14 - INFO - *****Login Successful****
